actionid: pypy
msg: envreport
cmdargs: ['/drone/src/github.com/capitalone/cloud-custodian/.tox/pypy/bin/pip', 'freeze']
env: {'DRONE_BRANCH': 'master', 'PYPY_VERSION': '5.8.0', 'CI': 'true', 'HOSTNAME': '2a20b680b41e', 'CI_BUILD_DIR': '/drone/src/github.com/capitalone/cloud-custodian', 'CI_BUILD_NUMBER': '2896', 'PYTHON_PIP_VERSION': '9.0.1', 'HOME': '/root', 'CI_JOB_ID': '3033', 'CI_COMMIT': '73df3ca06bf0d4246c300ae5d24aae1a43587a23', 'CI_JOB_NUMBER': '1', 'CI_EVENT': 'push', 'CI_REPO': 'capitalone/cloud-custodian', 'PATH': '/drone/src/github.com/capitalone/cloud-custodian/.tox/pypy/bin:/usr/local/bin:/usr/local/sbin:/usr/local/bin:/usr/sbin:/usr/bin:/sbin:/bin:/drone/bin', 'DRONE': 'true', 'CI_BRANCH': 'master', 'GOBIN': '/drone/bin', 'DRONE_BUILD_NUMBER': '2896', 'DRONE_BUILD_DIR': '/drone/src/github.com/capitalone/cloud-custodian', 'CI_BUILD_URL': 'https://ci.cloudcustodian.io/capitalone/cloud-custodian/2896', 'LANG': 'C.UTF-8', 'DRONE_JOB_ID': '3033', 'DRONE_DIR': '/drone/src/github.com/capitalone/cloud-custodian', 'DRONE_COMMIT': '73df3ca06bf0d4246c300ae5d24aae1a43587a23', 'SHELL': '/bin/sh', 'GOPATH': '/drone', 'DRONE_JOB_NUMBER': '1', 'PWD': '/drone/src/github.com/capitalone/cloud-custodian', 'DRONE_EVENT': 'push', 'PYPY_SHA256SUM': '6274292d0e954a2609b15978cde6efa30942ba20aa5d2acbbf1c70c0a54e9b1e', 'CI_NAME': 'drone', 'DRONE_REPO': 'capitalone/cloud-custodian', 'affinity:container': '=2a20b680b41efd1c1fbd422937ba1f5401a7682c8ad06b780c8c93d3242e776d', 'AWS_DEFAULT_REGION': 'us-east-1', 'AWS_ACCESS_KEY_ID': 'foo', 'AWS_SECRET_ACCESS_KEY': 'bar', 'C7N_VALIDATE': 'true', 'PYTHONHASHSEED': '4001782529', 'VIRTUAL_ENV': '/drone/src/github.com/capitalone/cloud-custodian/.tox/pypy'}

Error [Errno 2] No such file or directory while executing command git rev-parse
Error [Errno 2] No such file or directory while executing command git rev-parse
alabaster==0.7.10
apipkg==1.4
argcomplete==1.8.2
Babel==2.4.0
boto3==1.4.4
botocore==1.5.75
c7n==0.8.24.3
c7n-mailer==0.1
c7n-sphinxext==1.0
certifi==2017.4.17
cffi==1.10.1
chardet==3.0.4
configparser==3.5.0
coverage==4.4.1
docutils==0.13.1
enum34==1.1.6
execnet==1.4.1
fakeredis==0.8.2
flake8==3.3.0
funcsigs==1.0.2
functools32==3.2.3.post2
futures==3.1.1
greenlet==0.4.12
idna==2.5
imagesize==0.7.1
ipaddress==1.0.18
Jinja2==2.9.6
jmespath==0.9.3
jsonschema==2.6.0
ldap3==2.2.4
MarkupSafe==1.0
mccabe==0.6.1
mock==2.0.0
nose==1.3.7
nose-timer==0.7.0
ordereddict==1.1
pbr==3.1.1
pkginfo==1.4.1
placebo==0.8.1
py==1.4.34
pyasn1==0.2.3
pycodestyle==2.3.1
pyflakes==1.5.0
Pygments==2.2.0
pytest==3.1.2
pytest-cov==2.5.1
pytest-xdist==1.17.1
python-dateutil==2.6.0
pytz==2017.2
PyYAML==3.12
readline==6.2.4.1
redis==2.10.5
requests==2.18.1
requests-toolbelt==0.8.0
s3transfer==0.1.10
six==1.10.0
snowballstemmer==1.2.1
Sphinx==1.6.2
sphinx-rtd-theme==0.2.4
sphinxcontrib-websupport==1.0.1
tabulate==0.7.7
termcolor==1.1.0
tqdm==4.14.0
twine==1.9.1
typing==3.6.1
urllib3==1.21.1
