actionid: docs
msg: getenv
cmdargs: ['/drone/src/github.com/capitalone/cloud-custodian/.tox/docs/bin/pip', 'install', '-rrequirements-dev.txt']
env: {'GOPATH': '/drone', 'CI_BRANCH': 'master', 'CI_REPO': 'capitalone/cloud-custodian', 'DRONE_DIR': '/drone/src/github.com/capitalone/cloud-custodian', 'GOBIN': '/drone/bin', 'DRONE_BUILD_DIR': '/drone/src/github.com/capitalone/cloud-custodian', 'DRONE': 'true', 'DRONE_JOB_ID': '3033', 'HOME': '/root', 'PATH': '/drone/src/github.com/capitalone/cloud-custodian/.tox/docs/bin:/usr/local/sbin:/usr/local/bin:/usr/sbin:/usr/bin:/sbin:/bin:/drone/bin', 'CI_BUILD_URL': 'https://ci.cloudcustodian.io/capitalone/cloud-custodian/2896', 'CI_BUILD_DIR': '/drone/src/github.com/capitalone/cloud-custodian', 'LANG': 'C.UTF-8', 'affinity:container': '=2a20b680b41efd1c1fbd422937ba1f5401a7682c8ad06b780c8c93d3242e776d', 'VIRTUAL_ENV': '/drone/src/github.com/capitalone/cloud-custodian/.tox/docs', 'SHELL': '/bin/sh', 'CI_EVENT': 'push', 'SHLVL': '2', 'PYTHON_PIP_VERSION': '8.1.1', 'C7N_VALIDATE': 'true', 'PYTHONHASHSEED': '4052454783', 'DRONE_JOB_NUMBER': '1', 'DRONE_EVENT': 'push', 'DRONE_BRANCH': 'master', 'CI': 'true', 'GPG_KEY': 'C01E1CAD5EA2C4F0B8E3571504C367C218ADD4FF', 'CI_COMMIT': '73df3ca06bf0d4246c300ae5d24aae1a43587a23', 'DRONE_COMMIT': '73df3ca06bf0d4246c300ae5d24aae1a43587a23', 'AWS_ACCESS_KEY_ID': 'foo', 'PYTHON_VERSION': '2.7.11', 'AWS_DEFAULT_REGION': 'us-east-1', 'HOSTNAME': '2a20b680b41e', 'CI_NAME': 'drone', 'DRONE_REPO': 'capitalone/cloud-custodian', 'CI_BUILD_NUMBER': '2896', 'PWD': '/drone/src/github.com/capitalone/cloud-custodian', 'DRONE_BUILD_NUMBER': '2896', 'CI_JOB_ID': '3033', 'AWS_SECRET_ACCESS_KEY': 'bar', 'CI_JOB_NUMBER': '1'}

Obtaining file:///drone/src/github.com/capitalone/cloud-custodian/tools/c7n_sphinxext (from -r requirements-dev.txt (line 19))
Obtaining file:///drone/src/github.com/capitalone/cloud-custodian/tools/c7n_mailer (from -r requirements-dev.txt (line 21))
Collecting argcomplete>=1.8.2 (from -r requirements.txt (line 1))
  Downloading argcomplete-1.8.2-py2.py3-none-any.whl
Collecting boto3>=1.4.4 (from -r requirements.txt (line 2))
  Downloading boto3-1.4.4-py2.py3-none-any.whl (127kB)
Collecting botocore>=1.5.73 (from -r requirements.txt (line 3))
  Downloading botocore-1.5.75-py2.py3-none-any.whl (3.5MB)
Collecting ipaddress>=1.0.16 (from -r requirements.txt (line 4))
  Downloading ipaddress-1.0.18-py2-none-any.whl
Collecting jsonschema>=2.5.1 (from -r requirements.txt (line 5))
  Downloading jsonschema-2.6.0-py2.py3-none-any.whl
Collecting PyYAML>=3.12 (from -r requirements.txt (line 6))
  Downloading PyYAML-3.12.tar.gz (253kB)
Collecting tabulate>=0.7.7 (from -r requirements.txt (line 7))
  Downloading tabulate-0.7.7-py2.py3-none-any.whl
Collecting coverage>=4.2 (from -r requirements-dev.txt (line 2))
  Downloading coverage-4.4.1.tar.gz (369kB)
Collecting nose==1.3.7 (from -r requirements-dev.txt (line 3))
  Downloading nose-1.3.7-py2-none-any.whl (154kB)
Collecting mock==2.0.0 (from -r requirements-dev.txt (line 4))
  Downloading mock-2.0.0-py2.py3-none-any.whl (56kB)
Collecting Sphinx>=1.4.6 (from -r requirements-dev.txt (line 5))
  Downloading Sphinx-1.6.2-py2.py3-none-any.whl (1.9MB)
Collecting placebo==0.8.1 (from -r requirements-dev.txt (line 6))
  Downloading placebo-0.8.1.tar.gz
Collecting flake8 (from -r requirements-dev.txt (line 7))
  Downloading flake8-3.3.0-py2.py3-none-any.whl (66kB)
Collecting redis (from -r requirements-dev.txt (line 8))
  Downloading redis-2.10.5-py2.py3-none-any.whl (60kB)
Collecting ldap3 (from -r requirements-dev.txt (line 9))
  Downloading ldap3-2.2.4-py2.py3-none-any.whl (366kB)
Collecting sphinx-rtd-theme==0.2.4 (from -r requirements-dev.txt (line 10))
  Downloading sphinx_rtd_theme-0.2.4-py2.py3-none-any.whl (1.4MB)
Collecting nose-timer==0.7.0 (from -r requirements-dev.txt (line 11))
  Downloading nose-timer-0.7.0.tar.gz
Collecting twine (from -r requirements-dev.txt (line 12))
  Downloading twine-1.9.1-py2.py3-none-any.whl
Collecting fakeredis (from -r requirements-dev.txt (line 13))
  Downloading fakeredis-0.8.2-py2.py3-none-any.whl
Collecting pytest>=2.7.0 (from -r requirements-dev.txt (line 14))
  Downloading pytest-3.1.2-py2.py3-none-any.whl (180kB)
Collecting pytest-xdist (from -r requirements-dev.txt (line 15))
  Downloading pytest-xdist-1.17.1.tar.gz (92kB)
Collecting pytest-cov (from -r requirements-dev.txt (line 16))
  Downloading pytest_cov-2.5.1-py2.py3-none-any.whl
Collecting Jinja2 (from c7n-mailer==0.1->-r requirements-dev.txt (line 21))
  Downloading Jinja2-2.9.6-py2.py3-none-any.whl (340kB)
Collecting jmespath<1.0.0,>=0.7.1 (from boto3>=1.4.4->-r requirements.txt (line 2))
  Downloading jmespath-0.9.3-py2.py3-none-any.whl
Collecting s3transfer<0.2.0,>=0.1.10 (from boto3>=1.4.4->-r requirements.txt (line 2))
  Downloading s3transfer-0.1.10-py2.py3-none-any.whl (54kB)
Collecting docutils>=0.10 (from botocore>=1.5.73->-r requirements.txt (line 3))
  Downloading docutils-0.13.1-py2-none-any.whl (537kB)
Collecting python-dateutil<3.0.0,>=2.1 (from botocore>=1.5.73->-r requirements.txt (line 3))
  Downloading python_dateutil-2.6.0-py2.py3-none-any.whl (194kB)
Collecting functools32; python_version == "2.7" (from jsonschema>=2.5.1->-r requirements.txt (line 5))
  Downloading functools32-3.2.3-2.zip
Collecting pbr>=0.11 (from mock==2.0.0->-r requirements-dev.txt (line 4))
  Downloading pbr-3.1.1-py2.py3-none-any.whl (99kB)
Collecting six>=1.9 (from mock==2.0.0->-r requirements-dev.txt (line 4))
  Downloading six-1.10.0-py2.py3-none-any.whl
Collecting funcsigs>=1; python_version < "3.3" (from mock==2.0.0->-r requirements-dev.txt (line 4))
  Downloading funcsigs-1.0.2-py2.py3-none-any.whl
Collecting requests>=2.0.0 (from Sphinx>=1.4.6->-r requirements-dev.txt (line 5))
  Downloading requests-2.18.1-py2.py3-none-any.whl (88kB)
Collecting alabaster<0.8,>=0.7 (from Sphinx>=1.4.6->-r requirements-dev.txt (line 5))
  Downloading alabaster-0.7.10-py2.py3-none-any.whl
Collecting snowballstemmer>=1.1 (from Sphinx>=1.4.6->-r requirements-dev.txt (line 5))
  Downloading snowballstemmer-1.2.1-py2.py3-none-any.whl (64kB)
Collecting sphinxcontrib-websupport (from Sphinx>=1.4.6->-r requirements-dev.txt (line 5))
  Downloading sphinxcontrib_websupport-1.0.1-py2.py3-none-any.whl
Collecting imagesize (from Sphinx>=1.4.6->-r requirements-dev.txt (line 5))
  Downloading imagesize-0.7.1-py2.py3-none-any.whl
Requirement already satisfied: setuptools in ./.tox/docs/lib/python2.7/site-packages (from Sphinx>=1.4.6->-r requirements-dev.txt (line 5))
Collecting Pygments>=2.0 (from Sphinx>=1.4.6->-r requirements-dev.txt (line 5))
  Downloading Pygments-2.2.0-py2.py3-none-any.whl (841kB)
Collecting typing; python_version < "3.5" (from Sphinx>=1.4.6->-r requirements-dev.txt (line 5))
  Downloading typing-3.6.1.tar.gz (66kB)
Collecting babel!=2.0,>=1.3 (from Sphinx>=1.4.6->-r requirements-dev.txt (line 5))
  Downloading Babel-2.4.0-py2.py3-none-any.whl (6.8MB)
Collecting mccabe<0.7.0,>=0.6.0 (from flake8->-r requirements-dev.txt (line 7))
  Downloading mccabe-0.6.1-py2.py3-none-any.whl
Collecting enum34; python_version < "3.4" (from flake8->-r requirements-dev.txt (line 7))
  Downloading enum34-1.1.6-py2-none-any.whl
Collecting pyflakes<1.6.0,>=1.5.0 (from flake8->-r requirements-dev.txt (line 7))
  Downloading pyflakes-1.5.0-py2.py3-none-any.whl (225kB)
Collecting pycodestyle<2.4.0,>=2.0.0 (from flake8->-r requirements-dev.txt (line 7))
  Downloading pycodestyle-2.3.1-py2.py3-none-any.whl (45kB)
Collecting configparser; python_version < "3.2" (from flake8->-r requirements-dev.txt (line 7))
  Downloading configparser-3.5.0.tar.gz
Collecting pyasn1>=0.1.8 (from ldap3->-r requirements-dev.txt (line 9))
  Downloading pyasn1-0.2.3-py2.py3-none-any.whl (53kB)
Collecting termcolor (from nose-timer==0.7.0->-r requirements-dev.txt (line 11))
  Downloading termcolor-1.1.0.tar.gz
Collecting ordereddict (from nose-timer==0.7.0->-r requirements-dev.txt (line 11))
  Downloading ordereddict-1.1.tar.gz
Collecting pkginfo>=1.0 (from twine->-r requirements-dev.txt (line 12))
  Downloading pkginfo-1.4.1-py2.py3-none-any.whl
Collecting tqdm>=4.11 (from twine->-r requirements-dev.txt (line 12))
  Downloading tqdm-4.14.0-py2.py3-none-any.whl (46kB)
Collecting requests-toolbelt>=0.8.0 (from twine->-r requirements-dev.txt (line 12))
  Downloading requests_toolbelt-0.8.0-py2.py3-none-any.whl (54kB)
Collecting py>=1.4.33 (from pytest>=2.7.0->-r requirements-dev.txt (line 14))
  Using cached py-1.4.34-py2.py3-none-any.whl
Collecting execnet>=1.1 (from pytest-xdist->-r requirements-dev.txt (line 15))
  Downloading execnet-1.4.1-py2.py3-none-any.whl (40kB)
Collecting MarkupSafe>=0.23 (from Jinja2->c7n-mailer==0.1->-r requirements-dev.txt (line 21))
  Downloading MarkupSafe-1.0.tar.gz
Collecting futures<4.0.0,>=2.2.0; python_version == "2.6" or python_version == "2.7" (from s3transfer<0.2.0,>=0.1.10->boto3>=1.4.4->-r requirements.txt (line 2))
  Downloading futures-3.1.1-py2-none-any.whl
Collecting idna<2.6,>=2.5 (from requests>=2.0.0->Sphinx>=1.4.6->-r requirements-dev.txt (line 5))
  Downloading idna-2.5-py2.py3-none-any.whl (55kB)
Collecting urllib3<1.22,>=1.21.1 (from requests>=2.0.0->Sphinx>=1.4.6->-r requirements-dev.txt (line 5))
  Downloading urllib3-1.21.1-py2.py3-none-any.whl (131kB)
Collecting chardet<3.1.0,>=3.0.2 (from requests>=2.0.0->Sphinx>=1.4.6->-r requirements-dev.txt (line 5))
  Downloading chardet-3.0.4-py2.py3-none-any.whl (133kB)
Collecting certifi>=2017.4.17 (from requests>=2.0.0->Sphinx>=1.4.6->-r requirements-dev.txt (line 5))
  Downloading certifi-2017.4.17-py2.py3-none-any.whl (375kB)
Collecting pytz>=0a (from babel!=2.0,>=1.3->Sphinx>=1.4.6->-r requirements-dev.txt (line 5))
  Downloading pytz-2017.2-py2.py3-none-any.whl (484kB)
Collecting apipkg>=1.4 (from execnet>=1.1->pytest-xdist->-r requirements-dev.txt (line 15))
  Downloading apipkg-1.4-py2.py3-none-any.whl
Building wheels for collected packages: PyYAML, coverage, placebo, nose-timer, pytest-xdist, functools32, typing, configparser, termcolor, ordereddict, MarkupSafe
  Running setup.py bdist_wheel for PyYAML: started
  Running setup.py bdist_wheel for PyYAML: finished with status 'done'
  Stored in directory: /root/.cache/pip/wheels/2c/f7/79/13f3a12cd723892437c0cfbde1230ab4d82947ff7b3839a4fc
  Running setup.py bdist_wheel for coverage: started
  Running setup.py bdist_wheel for coverage: finished with status 'done'
  Stored in directory: /root/.cache/pip/wheels/64/b0/3f/fdb7e4a4aedf56e02d9ef4fd9108bf34fef89d0d89dbdd0a13
  Running setup.py bdist_wheel for placebo: started
  Running setup.py bdist_wheel for placebo: finished with status 'done'
  Stored in directory: /root/.cache/pip/wheels/18/12/54/9264a9a378c88059fcfd844ebee5f43576ab89143337dca95c
  Running setup.py bdist_wheel for nose-timer: started
  Running setup.py bdist_wheel for nose-timer: finished with status 'done'
  Stored in directory: /root/.cache/pip/wheels/29/4a/a3/f4f1e3fa1278abbe13e25f62cd58927a9a2b56cb64e1e16e59
  Running setup.py bdist_wheel for pytest-xdist: started
  Running setup.py bdist_wheel for pytest-xdist: finished with status 'done'
  Stored in directory: /root/.cache/pip/wheels/98/a0/55/87e5d566ccbb76d694c19b905c8331a1c58a331bdcca6484aa
  Running setup.py bdist_wheel for functools32: started
  Running setup.py bdist_wheel for functools32: finished with status 'done'
  Stored in directory: /root/.cache/pip/wheels/3c/d0/09/cd78d0ff4d6cfecfbd730782a7815a4571cd2cd4d2ed6e69d9
  Running setup.py bdist_wheel for typing: started
  Running setup.py bdist_wheel for typing: finished with status 'done'
  Stored in directory: /root/.cache/pip/wheels/b3/54/d1/d7ad0895b6f57c608afdf3ec5d2339c5d18ffcf2c2e0e0d9aa
  Running setup.py bdist_wheel for configparser: started
  Running setup.py bdist_wheel for configparser: finished with status 'done'
  Stored in directory: /root/.cache/pip/wheels/1c/bd/b4/277af3f6c40645661b4cd1c21df26aca0f2e1e9714a1d4cda8
  Running setup.py bdist_wheel for termcolor: started
  Running setup.py bdist_wheel for termcolor: finished with status 'done'
  Stored in directory: /root/.cache/pip/wheels/de/f7/bf/1bcac7bf30549e6a4957382e2ecab04c88e513117207067b03
  Running setup.py bdist_wheel for ordereddict: started
  Running setup.py bdist_wheel for ordereddict: finished with status 'done'
  Stored in directory: /root/.cache/pip/wheels/cf/2c/b5/a1bfd8848f7861c1588f1a2dfe88c11cf3ab5073ab7af08bc9
  Running setup.py bdist_wheel for MarkupSafe: started
  Running setup.py bdist_wheel for MarkupSafe: finished with status 'done'
  Stored in directory: /root/.cache/pip/wheels/88/a7/30/e39a54a87bcbe25308fa3ca64e8ddc75d9b3e5afa21ee32d57
Successfully built PyYAML coverage placebo nose-timer pytest-xdist functools32 typing configparser termcolor ordereddict MarkupSafe
Installing collected packages: argcomplete, jmespath, docutils, six, python-dateutil, botocore, futures, s3transfer, boto3, ipaddress, functools32, jsonschema, PyYAML, tabulate, coverage, nose, pbr, funcsigs, mock, idna, urllib3, chardet, certifi, requests, alabaster, snowballstemmer, sphinxcontrib-websupport, imagesize, Pygments, typing, MarkupSafe, Jinja2, pytz, babel, Sphinx, placebo, mccabe, enum34, pyflakes, pycodestyle, configparser, flake8, redis, pyasn1, ldap3, sphinx-rtd-theme, termcolor, ordereddict, nose-timer, pkginfo, tqdm, requests-toolbelt, twine, fakeredis, py, pytest, apipkg, execnet, pytest-xdist, pytest-cov, c7n-sphinxext, c7n-mailer
  Running setup.py develop for c7n-sphinxext
  Running setup.py develop for c7n-mailer
Successfully installed Jinja2-2.9.6 MarkupSafe-1.0 PyYAML-3.12 Pygments-2.2.0 Sphinx-1.6.2 alabaster-0.7.10 apipkg-1.4 argcomplete-1.8.2 babel-2.4.0 boto3-1.4.4 botocore-1.5.75 c7n-mailer c7n-sphinxext certifi-2017.4.17 chardet-3.0.4 configparser-3.5.0 coverage-4.4.1 docutils-0.13.1 enum34-1.1.6 execnet-1.4.1 fakeredis-0.8.2 flake8-3.3.0 funcsigs-1.0.2 functools32-3.2.3.post2 futures-3.1.1 idna-2.5 imagesize-0.7.1 ipaddress-1.0.18 jmespath-0.9.3 jsonschema-2.6.0 ldap3-2.2.4 mccabe-0.6.1 mock-2.0.0 nose-1.3.7 nose-timer-0.7.0 ordereddict-1.1 pbr-3.1.1 pkginfo-1.4.1 placebo-0.8.1 py-1.4.34 pyasn1-0.2.3 pycodestyle-2.3.1 pyflakes-1.5.0 pytest-3.1.2 pytest-cov-2.5.1 pytest-xdist-1.17.1 python-dateutil-2.6.0 pytz-2017.2 redis-2.10.5 requests-2.18.1 requests-toolbelt-0.8.0 s3transfer-0.1.10 six-1.10.0 snowballstemmer-1.2.1 sphinx-rtd-theme-0.2.4 sphinxcontrib-websupport-1.0.1 tabulate-0.7.7 termcolor-1.1.0 tqdm-4.14.0 twine-1.9.1 typing-3.6.1 urllib3-1.21.1
